0 info it worked if it ends with ok
1 verbose cli [ '/Users/juvenpajares/.nvm/versions/io.js/v2.5.0/bin/iojs',
1 verbose cli   '/Users/juvenpajares/.nvm/versions/io.js/v2.5.0/bin/npm',
1 verbose cli   'init' ]
2 info using npm@2.13.2
3 info using node@v2.5.0
4 silly package data undefined
5 info init written successfully
6 verbose stack TypeError: Cannot read property 'replace' of undefined
6 verbose stack     at module.exports (/Users/juvenpajares/.nvm/versions/io.js/v2.5.0/lib/node_modules/npm/node_modules/validate-npm-package-license/node_modules/spdx-correct/spdx-correct.js:209:26)
6 verbose stack     at module.exports (/Users/juvenpajares/.nvm/versions/io.js/v2.5.0/lib/node_modules/npm/node_modules/validate-npm-package-license/index.js:55:23)
6 verbose stack     at /Users/juvenpajares/.nvm/versions/io.js/v2.5.0/lib/node_modules/npm/node_modules/init-package-json/default-input.js:229:13
6 verbose stack     at PromZard.<anonymous> (/Users/juvenpajares/.nvm/versions/io.js/v2.5.0/lib/node_modules/npm/node_modules/init-package-json/node_modules/promzard/promzard.js:226:19)
6 verbose stack     at onError (/Users/juvenpajares/.nvm/versions/io.js/v2.5.0/lib/node_modules/npm/node_modules/read/lib/read.js:94:12)
6 verbose stack     at Interface.<anonymous> (/Users/juvenpajares/.nvm/versions/io.js/v2.5.0/lib/node_modules/npm/node_modules/read/lib/read.js:66:5)
6 verbose stack     at emitNone (events.js:67:13)
6 verbose stack     at Interface.emit (events.js:166:7)
6 verbose stack     at Interface._ttyWrite (readline.js:690:16)
6 verbose stack     at ReadStream.onkeypress (readline.js:105:10)
7 verbose cwd /Users/juvenpajares/Sites/projects/katmus/adshore2/scroll-class-assign
8 error Darwin 15.2.0
9 error argv "/Users/juvenpajares/.nvm/versions/io.js/v2.5.0/bin/iojs" "/Users/juvenpajares/.nvm/versions/io.js/v2.5.0/bin/npm" "init"
10 error node v2.5.0
11 error npm  v2.13.2
12 error Cannot read property 'replace' of undefined
13 error If you need help, you may report this error at:
13 error     <https://github.com/npm/npm/issues>
14 verbose exit [ 1, true ]
